<?xml version="1.0" encoding="UTF-8"?>
<testng-results ignored="0" total="1" passed="1" failed="0" skipped="0">
  <reporter-output>
  </reporter-output>
  <suite started-at="2024-11-24T14:17:56 IST" name="Gradle suite" finished-at="2024-11-24T14:18:02 IST" duration-ms="6100">
    <groups>
    </groups>
    <test started-at="2024-11-24T14:17:56 IST" name="Gradle test" finished-at="2024-11-24T14:18:02 IST" duration-ms="6100">
      <class name="BrowserTestNG">
        <test-method signature="TestNew()[pri:0, instance:BrowserTestNG@333d4a8c]" started-at="2024-11-24T14:17:56 IST" name="TestNew" finished-at="2024-11-24T14:18:02 IST" duration-ms="6057" status="PASS">
          <reporter-output>
          </reporter-output>
        </test-method> <!-- TestNew -->
      </class> <!-- BrowserTestNG -->
    </test> <!-- Gradle test -->
  </suite> <!-- Gradle suite -->
</testng-results>
